                QTSS_Register_Role                              called,         QTSSErrorLogModule
                QTSS_ErrorLog_Role                              called,         QTSSErrorLogModule
INFO: Module Loaded...QTSSFileModule [static]
                QTSS_Register_Role                              called,         QTSSFileModule
                QTSS_ErrorLog_Role                              called,         QTSSErrorLogModule
INFO: Module Loaded...QTSSReflectorModule [static]
                QTSS_Register_Role                              called,         QTSSReflectorModule
                QTSS_ErrorLog_Role                              called,         QTSSErrorLogModule
INFO: Module Loaded...QTSSRelayModule [static]
                QTSS_Register_Role                              called,         QTSSRelayModule
                QTSS_ErrorLog_Role                              called,         QTSSErrorLogModule
INFO: Module Loaded...QTSSAccessLogModule [static]
                QTSS_Register_Role                              called,         QTSSAccessLogModule
                QTSS_ErrorLog_Role                              called,         QTSSErrorLogModule
INFO: Module Loaded...QTSSFlowControlModule [static]
                QTSS_Register_Role                              called,         QTSSFlowControlModule
                QTSS_ErrorLog_Role                              called,         QTSSErrorLogModule
INFO: Module Loaded...QTSSPosixFileSysModule [static]
                QTSS_Register_Role                              called,         QTSSPosixFileSysModule
                QTSS_ErrorLog_Role                              called,         QTSSErrorLogModule
INFO: Module Loaded...QTSSAdminModule [static]
                QTSS_Register_Role                              called,         QTSSAdminModule
                QTSS_ErrorLog_Role                              called,         QTSSErrorLogModule
INFO: Module Loaded...QTSSMP3StreamingModule [static]
                QTSS_Register_Role                              called,         QTSSMP3StreamingModule
                QTSS_ErrorLog_Role                              called,         QTSSErrorLogModule
INFO: Module Loaded...QTSSAccessModule [static]
                QTSS_Register_Role                              called,         QTSSAccessModule
                QTSS_Initialize_Role                            called,         QTSSFileModule
                QTSS_Initialize_Role                            called,         QTSSReflectorModule
                QTSS_Initialize_Role                            called,         QTSSRelayModule
                QTSS_Initialize_Role                            called,         QTSSAccessLogModule
                QTSS_Initialize_Role                            called,         QTSSFlowControlModule
                QTSS_Initialize_Role                            called,         QTSSPosixFileSysModule
                QTSS_Initialize_Role                            called,         QTSSAdminModule
                QTSS_Initialize_Role                            called,         QTSSMP3StreamingModule
                QTSS_Initialize_Role                            called,         QTSSAccessModule
                QTSS_OpenFile_Role                              called,         QTSSPosixFileSysModule
                QTSS_CloseFile_Role                             called,         QTSSPosixFileSysModule
                QTSS_OpenFile_Role                              called,         QTSSPosixFileSysModule
                QTSS_CloseFile_Role                             called,         QTSSPosixFileSysModule
Streaming Server done starting up
        kReadingFirstRequest                    RTSPSession:    12524520


#C->S:
#time: ms=2013038137 date=Sat, 18 Aug 2007 15:57:39 GMT
#server: ip=127.0.0.1 port=554
#client: ip=127.0.0.1 port=4448
DESCRIBE RTSP://localhost/sample_100kbit.mov RTSP/1.0\r\n
CSeq: 1\r\n
Accept: application/sdp\r\n
Bandwidth: 384000\r\n
Accept-Language: hr-HR\r\n
User-Agent: QuickTime/7.0.3 (qtver=7.0.3;os=Windows NT 5.1Service Pack 2)\r\n
\r\n

        kHTTPFilteringRequest                   RTSPSession:    12524520
        kHaveNonTunnelMessage                   RTSPSession:    12524520
                QTSS_RTSPFilter_Role                            called,         QTSSRelayModule
                QTSS_RTSPFilter_Role                            called,         QTSSAdminModule
                QTSS_RTSPFilter_Role                            called,         QTSSMP3StreamingModule
                QTSS_RTSPRoute_Role                             called,         QTSSReflectorModule
                QTSS_RTSPRoute_Role                             called,         QTSSRelayModule
                QTSS_RTSPAuthenticate_Role                      called,         QTSSAccessModule
                QTSS_OpenFile_Role                              called,         QTSSPosixFileSysModule
                QTSS_OpenFile_Role                              called,         QTSSPosixFileSysModule
                QTSS_CloseFile_Role                             called,         QTSSPosixFileSysModule
                QTSS_OpenFile_Role                              called,         QTSSPosixFileSysModule
                QTSS_CloseFile_Role                             called,         QTSSPosixFileSysModule
                QTSS_RTSPAuthorize_Role                         called,         QTSSReflectorModule
                QTSS_RTSPAuthorize_Role                         called,         QTSSAdminModule
                QTSS_RTSPAuthorize_Role                         called,         QTSSAccessModule
                QTSS_OpenFile_Role                              called,         QTSSPosixFileSysModule
                QTSS_RTSPPreProcessor_Role                      called,         QTSSReflectorModule
                QTSS_RTSPRequest_Role                           called,         QTSSFileModule
                QTSS_OpenFile_Role                              called,         QTSSPosixFileSysModule

#S->C:
#time: ms=2013038880 date=Sat, 18 Aug 2007 15:57:40 GMT
RTSP/1.0 200 OK\r\n
Server: DSS/5.5.1 (Build/489.8; Platform/Win32; Release/Darwin; )\r\n
Cseq: 1\r\n
Last-Modified: Mon, 28 Feb 2005 10:39:22 GMT\r\n
Cache-Control: must-revalidate\r\n
Content-length: 366\r\n
Date: Sat, 18 Aug 2007 15:57:40 GMT\r\n
Expires: Sat, 18 Aug 2007 15:57:40 GMT\r\n
Content-Type: application/sdp\r\n
x-Accept-Retransmit: our-retransmit\r\n
x-Accept-Dynamic-Rate: 1\r\n
Content-Base: RTSP://localhost/sample_100kbit.mov/\r\n
\r\n
v=0\r\n
o=StreamingServer 3396441459 1109587162000 IN IP4 127.0.0.1\r\n
s=\sample_100kbit.mov\r\n
u=http:///\r\n
e=admin@\r\n
c=IN IP4 0.0.0.0\r\n
b=AS:94\r\n
t=0 0\r\n
a=control:*\r\n
a=range:npt=0-  70.00000\r\n
m=video 0 RTP/AVP 96\r\n
b=AS:79\r\n
a=rtpmap:96 X-SV3V-ES/90000\r\n
a=control:trackID=3\r\n
m=audio 0 RTP/AVP 97\r\n
b=AS:14\r\n
a=rtpmap:97 X-QDM/22050/2\r\n
a=control:trackID=4\r\n
a=x-bufferdelay:4.97\r\n
                QTSS_RTSPPostProcessor_Role                     called,         QTSSRelayModule
                QTSS_RTSPPostProcessor_Role                     called,         QTSSAccessLogModule
        kReadingRequest                         RTSPSession:    12524520
        kReadingRequest                         RTSPSession:    12524520


#C->S:
#time: ms=2013039032 date=Sat, 18 Aug 2007 15:57:40 GMT
#server: ip=127.0.0.1 port=554
#client: ip=127.0.0.1 port=4448
SETUP RTSP://localhost/sample_100kbit.mov/trackID=3 RTSP/1.0\r\n
CSeq: 2\r\n
Transport: RTP/AVP;unicast;client_port=6974-6975\r\n
x-retransmit: our-retransmit\r\n
x-dynamic-rate: 1\r\n
x-transport-options: late-tolerance=2.384000\r\n
User-Agent: QuickTime/7.0.3 (qtver=7.0.3;os=Windows NT 5.1Service Pack 2)\r\n
Accept-Language: hr-HR\r\n
\r\n

                QTSS_RTSPFilter_Role                            called,         QTSSRelayModule
                QTSS_RTSPFilter_Role                            called,         QTSSAdminModule
                QTSS_RTSPFilter_Role                            called,         QTSSMP3StreamingModule
                QTSS_RTSPRoute_Role                             called,         QTSSReflectorModule
                QTSS_RTSPRoute_Role                             called,         QTSSRelayModule
                QTSS_RTSPAuthenticate_Role                      called,         QTSSAccessModule
                QTSS_OpenFile_Role                              called,         QTSSPosixFileSysModule
                QTSS_OpenFile_Role                              called,         QTSSPosixFileSysModule
                QTSS_CloseFile_Role                             called,         QTSSPosixFileSysModule
                QTSS_OpenFile_Role                              called,         QTSSPosixFileSysModule
                QTSS_CloseFile_Role                             called,         QTSSPosixFileSysModule
                QTSS_RTSPAuthorize_Role                         called,         QTSSReflectorModule
                QTSS_RTSPAuthorize_Role                         called,         QTSSAdminModule
                QTSS_RTSPAuthorize_Role                         called,         QTSSAccessModule
                QTSS_OpenFile_Role                              called,         QTSSPosixFileSysModule
                QTSS_RTSPPreProcessor_Role                      called,         QTSSReflectorModule
                QTSS_RTSPRequest_Role                           called,         QTSSFileModule
                QTSS_RTSPPostProcessor_Role                     called,         QTSSRelayModule
                QTSS_RTSPPostProcessor_Role                     called,         QTSSAccessLogModule

#S->C:
#time: ms=2013039157 date=Sat, 18 Aug 2007 15:57:40 GMT
OPTIONS * RTSP/1.0\r\n
Content-Type: application/x-random-data\r\n
Content-Length: 1400\r\n
\r\n
        kReadingRequest                         RTSPSession:    12524520
        kReadingRequest                         RTSPSession:    12524520


#C->S:
#time: ms=2013039211 date=Sat, 18 Aug 2007 15:57:41 GMT
#server: ip=127.0.0.1 port=554
#client: ip=127.0.0.1 port=4448
RTSP/1.0 501
                QTSS_RTSPFilter_Role                            called,         QTSSRelayModule
                QTSS_RTSPFilter_Role                            called,         QTSSAdminModule
                QTSS_RTSPFilter_Role                            called,         QTSSMP3StreamingModule
        kSendingResponse                        RTSPSession:    12524520

#S->C:
#time: ms=2013039215 date=Sat, 18 Aug 2007 15:57:41 GMT
RTSP/1.0 200 OK\r\n
Server: DSS/5.5.1 (Build/489.8; Platform/Win32; Release/Darwin; )\r\n
Cseq: 2\r\n
Last-Modified: Mon, 28 Feb 2005 10:39:22 GMT\r\n
Cache-Control: must-revalidate\r\n
Session: 67001489835648\r\n
Date: Sat, 18 Aug 2007 15:57:40 GMT\r\n
Expires: Sat, 18 Aug 2007 15:57:40 GMT\r\n
Transport: RTP/AVP;unicast;source=127.0.0.1;client_port=6974-6975;server_port=6970-6971;ssrc=000018BE\r\n
x-Transport-Options: late-tolerance=2.384000\r\n
x-Retransmit: our-retransmit\r\n
x-Dynamic-Rate: 1;rtt=58\r\n
\r\n
        kReadingRequest                         RTSPSession:    12524520
        kReadingRequest                         RTSPSession:    12524520


#C->S:
#time: ms=2013039248 date=Sat, 18 Aug 2007 15:57:41 GMT
#server: ip=127.0.0.1 port=554
#client: ip=127.0.0.1 port=4448
SETUP RTSP://localhost/sample_100kbit.mov/trackID=4 RTSP/1.0\r\n
CSeq: 3\r\n
Transport: RTP/AVP;unicast;client_port=6972-6973\r\n
x-retransmit: our-retransmit\r\n
x-dynamic-rate: 1\r\n
x-transport-options: late-tolerance=2.384000\r\n
Session: 67001489835648\r\n
User-Agent: QuickTime/7.0.3 (qtver=7.0.3;os=Windows NT 5.1Service Pack 2)\r\n
Accept-Language: hr-HR\r\n
\r\n

                QTSS_RTSPFilter_Role                            called,         QTSSRelayModule
                QTSS_RTSPFilter_Role                            called,         QTSSAdminModule
                QTSS_RTSPFilter_Role                            called,         QTSSMP3StreamingModule
                QTSS_RTSPRoute_Role                             called,         QTSSReflectorModule
                QTSS_RTSPRoute_Role                             called,         QTSSRelayModule
                QTSS_RTSPAuthenticate_Role                      called,         QTSSAccessModule
                QTSS_OpenFile_Role                              called,         QTSSPosixFileSysModule
                QTSS_OpenFile_Role                              called,         QTSSPosixFileSysModule
                QTSS_CloseFile_Role                             called,         QTSSPosixFileSysModule
                QTSS_OpenFile_Role                              called,         QTSSPosixFileSysModule
                QTSS_CloseFile_Role                             called,         QTSSPosixFileSysModule
                QTSS_RTSPAuthorize_Role                         called,         QTSSReflectorModule
                QTSS_RTSPAuthorize_Role                         called,         QTSSAdminModule
                QTSS_RTSPAuthorize_Role                         called,         QTSSAccessModule
                QTSS_OpenFile_Role                              called,         QTSSPosixFileSysModule
                QTSS_RTSPPreProcessor_Role                      called,         QTSSReflectorModule
                QTSS_RTSPRequest_Role                           called,         QTSSFileModule
                QTSS_RTSPPostProcessor_Role                     called,         QTSSRelayModule
                QTSS_RTSPPostProcessor_Role                     called,         QTSSAccessLogModule

#S->C:
#time: ms=2013039371 date=Sat, 18 Aug 2007 15:57:41 GMT
RTSP/1.0 200 OK\r\n
Server: DSS/5.5.1 (Build/489.8; Platform/Win32; Release/Darwin; )\r\n
Cseq: 3\r\n
Session: 67001489835648\r\n
Last-Modified: Mon, 28 Feb 2005 10:39:22 GMT\r\n
Cache-Control: must-revalidate\r\n
Date: Sat, 18 Aug 2007 15:57:40 GMT\r\n
Expires: Sat, 18 Aug 2007 15:57:40 GMT\r\n
Transport: RTP/AVP;unicast;source=127.0.0.1;client_port=6972-6973;server_port=6970-6971;ssrc=00003D6C\r\n
x-Transport-Options: late-tolerance=2.384000\r\n
x-Retransmit: our-retransmit\r\n
x-Dynamic-Rate: 1\r\n
\r\n
        kReadingRequest                         RTSPSession:    12524520
        kReadingRequest                         RTSPSession:    12524520


#C->S:
#time: ms=2013039464 date=Sat, 18 Aug 2007 15:57:41 GMT
#server: ip=127.0.0.1 port=554
#client: ip=127.0.0.1 port=4448
PLAY RTSP://localhost/sample_100kbit.mov RTSP/1.0\r\n
CSeq: 4\r\n
Range: npt=0.000000-70.000000\r\n
x-prebuffer: maxtime=2.000000\r\n
x-transport-options: late-tolerance=10\r\n
Session: 67001489835648\r\n
User-Agent: QuickTime/7.0.3 (qtver=7.0.3;os=Windows NT 5.1Service Pack 2)\r\n
\r\n

                QTSS_RTSPFilter_Role                            called,         QTSSRelayModule
                QTSS_RTSPFilter_Role                            called,         QTSSAdminModule
                QTSS_RTSPFilter_Role                            called,         QTSSMP3StreamingModule
                QTSS_RTSPRoute_Role                             called,         QTSSReflectorModule
                QTSS_RTSPRoute_Role                             called,         QTSSRelayModule
                QTSS_RTSPAuthenticate_Role                      called,         QTSSAccessModule
                QTSS_OpenFile_Role                              called,         QTSSPosixFileSysModule
                QTSS_OpenFile_Role                              called,         QTSSPosixFileSysModule
                QTSS_CloseFile_Role                             called,         QTSSPosixFileSysModule
                QTSS_OpenFile_Role                              called,         QTSSPosixFileSysModule
                QTSS_CloseFile_Role                             called,         QTSSPosixFileSysModule
                QTSS_RTSPAuthorize_Role                         called,         QTSSReflectorModule
                QTSS_RTSPAuthorize_Role                         called,         QTSSAdminModule
                QTSS_RTSPAuthorize_Role                         called,         QTSSAccessModule
                QTSS_OpenFile_Role                              called,         QTSSPosixFileSysModule
                QTSS_RTSPPreProcessor_Role                      called,         QTSSReflectorModule
                QTSS_RTSPRequest_Role                           called,         QTSSFileModule
                QTSS_RTPSendPackets_Role                        called,         QTSSFileModule
                QTSS_RTSPPostProcessor_Role                     called,         QTSSRelayModule
                QTSS_RTSPPostProcessor_Role                     called,         QTSSAccessLogModule

#S->C:
#time: ms=2013039806 date=Sat, 18 Aug 2007 15:57:41 GMT
RTSP/1.0 200 OK\r\n
Server: DSS/5.5.1 (Build/489.8; Platform/Win32; Release/Darwin; )\r\n
Cseq: 4\r\n
Session: 67001489835648\r\n
Range: npt=0.00000-70.00000             QTSS_RTPSendPackets_Role                        called,         QTSSFileModule
\r\n
RTP-Info: url=RTSP://localhost/sample_100kbit.mov/trackID=3;seq=42;rtptime=18467,url=RTSP://localhost/sample_100kbit.mov/trackID=4;seq=26501;rtptime=19169\r\n
\r\n
        kReadingRequest                         RTSPSession:    12524520
                QTSS_RTPSendPackets_Role                        called,         QTSSFileModule
                QTSS_RTPSendPackets_Role                        called,         QTSSFileModule
                QTSS_RTPSendPackets_Role                        called,         QTSSFileModule
                QTSS_RTPSendPackets_Role                        called,         QTSSFileModule
                QTSS_RTPSendPackets_Role                        called,         QTSSFileModule
                QTSS_RTPSendPackets_Role                        called,         QTSSFileModule
                QTSS_RTPSendPackets_Role                        called,         QTSSFileModule
                QTSS_RTPSendPackets_Role                        called,         QTSSFileModule
                QTSS_RTPSendPackets_Role                        called,         QTSSFileModule
                QTSS_RTPSendPackets_Role                        called,         QTSSFileModule
                QTSS_RTPSendPackets_Role                        called,         QTSSFileModule
                QTSS_RTPSendPackets_Role                        called,         QTSSFileModule
                QTSS_RTPSendPackets_Role                        called,         QTSSFileModule
                QTSS_RTPSendPackets_Role                        called,         QTSSFileModule
                QTSS_RTPSendPackets_Role                        called,         QTSSFileModule
                QTSS_RTPSendPackets_Role                        called,         QTSSFileModule
                QTSS_RTPSendPackets_Role                        called,         QTSSFileModule
                QTSS_RTPSendPackets_Role                        called,         QTSSFileModule
                QTSS_RTPSendPackets_Role                        called,         QTSSFileModule
                QTSS_RTPSendPackets_Role                        called,         QTSSFileModule
                QTSS_RTPSendPackets_Role                        called,         QTSSFileModule
                QTSS_RTCPProcess_Role                           called,         QTSSFlowControlModule
                QTSS_RTCPProcess_Role                           called,         QTSSFlowControlModule
                QTSS_RTPSendPackets_Role                        called,         QTSSFileModule
                QTSS_RTCPProcess_Role                           called,         QTSSFlowControlModule
                QTSS_RTCPProcess_Role                           called,         QTSSFlowControlModule
                QTSS_RTPSendPackets_Role                        called,         QTSSFileModule
                QTSS_RTCPProcess_Role                           called,         QTSSFlowControlModule
                QTSS_RTPSendPackets_Role                        called,         QTSSFileModule
                QTSS_RTCPProcess_Role                           called,         QTSSFlowControlModule
                QTSS_RTPSendPackets_Role                        called,         QTSSFileModule
                QTSS_RTCPProcess_Role                           called,         QTSSFlowControlModule
                QTSS_RTPSendPackets_Role                        called,         QTSSFileModule
                QTSS_RTPSendPackets_Role                        called,         QTSSFileModule
                QTSS_RTCPProcess_Role                           called,         QTSSFlowControlModule
                QTSS_RTPSendPackets_Role                        called,         QTSSFileModule
                QTSS_RTCPProcess_Role                           called,         QTSSFlowControlModule
                QTSS_RTPSendPackets_Role                        called,         QTSSFileModule
                QTSS_RTCPProcess_Role                           called,         QTSSFlowControlModule
                QTSS_RTPSendPackets_Role                        called,         QTSSFileModule
                QTSS_RTPSendPackets_Role                        called,         QTSSFileModule
                QTSS_RTCPProcess_Role                           called,         QTSSFlowControlModule
                QTSS_RTCPProcess_Role                           called,         QTSSFlowControlModule
                QTSS_RTPSendPackets_Role                        called,         QTSSFileModule
                QTSS_RTCPProcess_Role                           called,         QTSSFlowControlModule
                QTSS_RTPSendPackets_Role                        called,         QTSSFileModule
                QTSS_RTCPProcess_Role                           called,         QTSSFlowControlModule
                QTSS_RTPSendPackets_Role                        called,         QTSSFileModule
                QTSS_RTPSendPackets_Role                        called,         QTSSFileModule
                QTSS_RTCPProcess_Role                           called,         QTSSFlowControlModule
                QTSS_RTPSendPackets_Role                        called,         QTSSFileModule
                QTSS_RTCPProcess_Role                           called,         QTSSFlowControlModule
                QTSS_RTPSendPackets_Role                        called,         QTSSFileModule
                QTSS_RTCPProcess_Role                           called,         QTSSFlowControlModule
                QTSS_RTPSendPackets_Role                        called,         QTSSFileModule
                QTSS_RTCPProcess_Role                           called,         QTSSFlowControlModule
                QTSS_RTPSendPackets_Role                        called,         QTSSFileModule
                QTSS_RTPSendPackets_Role                        called,         QTSSFileModule
                QTSS_RTCPProcess_Role                           called,         QTSSFlowControlModule
                QTSS_RTPSendPackets_Role                        called,         QTSSFileModule
                QTSS_RTCPProcess_Role                           called,         QTSSFlowControlModule
                QTSS_RTCPProcess_Role                           called,         QTSSFlowControlModule
                QTSS_RTPSendPackets_Role                        called,         QTSSFileModule
                QTSS_RTCPProcess_Role                           called,         QTSSFlowControlModule
                QTSS_RTPSendPackets_Role                        called,         QTSSFileModule
                QTSS_RTPSendPackets_Role                        called,         QTSSFileModule
                QTSS_RTCPProcess_Role                           called,         QTSSFlowControlModule
                QTSS_RTPSendPackets_Role                        called,         QTSSFileModule
                QTSS_RTCPProcess_Role                           called,         QTSSFlowControlModule
                QTSS_RTCPProcess_Role                           called,         QTSSFlowControlModule
                QTSS_RTPSendPackets_Role                        called,         QTSSFileModule
                QTSS_RTCPProcess_Role                           called,         QTSSFlowControlModule
                QTSS_RTPSendPackets_Role                        called,         QTSSFileModule
                QTSS_RTCPProcess_Role                           called,         QTSSFlowControlModule
                QTSS_RTCPProcess_Role                           called,         QTSSFlowControlModule
                QTSS_RTCPProcess_Role                           called,         QTSSFlowControlModule
                QTSS_RTPSendPackets_Role                        called,         QTSSFileModule
                QTSS_RTCPProcess_Role                           called,         QTSSFlowControlModule
                QTSS_RTPSendPackets_Role                        called,         QTSSFileModule
                QTSS_RTCPProcess_Role                           called,         QTSSFlowControlModule
                QTSS_RTCPProcess_Role                           called,         QTSSFlowControlModule
                QTSS_RTPSendPackets_Role                        called,         QTSSFileModule
                QTSS_RTCPProcess_Role                           called,         QTSSFlowControlModule
                QTSS_RTPSendPackets_Role                        called,         QTSSFileModule
                QTSS_RTCPProcess_Role                           called,         QTSSFlowControlModule
                QTSS_RTPSendPackets_Role                        called,         QTSSFileModule
                QTSS_RTPSendPackets_Role                        called,         QTSSFileModule
                QTSS_RTCPProcess_Role                           called,         QTSSFlowControlModule
                QTSS_RTCPProcess_Role                           called,         QTSSFlowControlModule
                QTSS_RTCPProcess_Role                           called,         QTSSFlowControlModule
                QTSS_RTPSendPackets_Role                        called,         QTSSFileModule
                QTSS_RTPSendPackets_Role                        called,         QTSSFileModule
                QTSS_RTCPProcess_Role                           called,         QTSSFlowControlModule
                QTSS_RTPSendPackets_Role                        called,         QTSSFileModule
                QTSS_RTCPProcess_Role                           called,         QTSSFlowControlModule
                QTSS_RTPSendPackets_Role                        called,         QTSSFileModule
                QTSS_RTCPProcess_Role                           called,         QTSSFlowControlModule
                QTSS_RTPSendPackets_Role                        called,         QTSSFileModule
                QTSS_RTCPProcess_Role                           called,         QTSSFlowControlModule
                QTSS_RTCPProcess_Role                           called,         QTSSFlowControlModule
                QTSS_RTPSendPackets_Role                        called,         QTSSFileModule
                QTSS_RTCPProcess_Role                           called,         QTSSFlowControlModule
                QTSS_RTPSendPackets_Role                        called,         QTSSFileModule
                QTSS_RTCPProcess_Role                           called,         QTSSFlowControlModule
                QTSS_RTPSendPackets_Role                        called,         QTSSFileModule
                QTSS_RTPSendPackets_Role                        called,         QTSSFileModule
                QTSS_RTCPProcess_Role                           called,         QTSSFlowControlModule
                QTSS_RTCPProcess_Role                           called,         QTSSFlowControlModule
                QTSS_RTPSendPackets_Role                        called,         QTSSFileModule
                QTSS_RTCPProcess_Role                           called,         QTSSFlowControlModule
                QTSS_RTPSendPackets_Role                        called,         QTSSFileModule
                QTSS_RTPSendPackets_Role                        called,         QTSSFileModule
        kReadingRequest                         RTSPSession:    12524520
                QTSS_RTCPProcess_Role                           called,         QTSSFlowControlModule


#C->S:
#time: ms=2013042458 date=Sat, 18 Aug 2007 15:57:44 GMT
#server: ip=127.0.0.1 port=554
#client: ip=127.0.0.1 port=4448
SET_PARAMETER RTSP://localhost/sample_100kbit.mov RTSP/1.0\r\n
CSeq: 5\r\n
x-transport-options: late-tolerance=2.284000\r\n
Session: 67001489835648\r\n
User-Agent: QuickTime/7.0.3 (qtver=7.0.3;os=Windows NT 5.1Service Pack 2)\r\n
\r\n

                QTSS_RTSPFilter_Role                            called,         QTSSRelayModule
                QTSS_RTSPFilter_Role                            called,         QTSSAdminModule
                QTSS_RTSPFilter_Role                            called,         QTSSMP3StreamingModule
        kPostProcessingRequest                  RTSPSession:    12524520
                QTSS_RTSPPostProcessor_Role                     called,         QTSSRelayModule
                QTSS_RTSPPostProcessor_Role                     called,         QTSSAccessLogModule

#S->C:
#time: ms=2013042461 date=Sat, 18 Aug 2007 15:57:44 GMT
RTSP/1.0 200 OK\r\n
Server: DSS/5.5.1 (Build/489.8; Platform/Win32; Release/Darwin; )\r\n
Cseq: 5\r\n
Session: 67001489835648\r\n
\r\n
        kReadingRequest                         RTSPSession:    12524520
                QTSS_RTPSendPackets_Role                        called,         QTSSFileModule
                QTSS_RTCPProcess_Role                           called,         QTSSFlowControlModule
                QTSS_RTCPProcess_Role                           called,         QTSSFlowControlModule
                QTSS_RTPSendPackets_Role                        called,         QTSSFileModule
                QTSS_RTPSendPackets_Role                        called,         QTSSFileModule
                QTSS_RTCPProcess_Role                           called,         QTSSFlowControlModule
                QTSS_RTPSendPackets_Role                        called,         QTSSFileModule
                QTSS_RTCPProcess_Role                           called,         QTSSFlowControlModule
                QTSS_RTPSendPackets_Role                        called,         QTSSFileModule
                QTSS_RTCPProcess_Role                           called,         QTSSFlowControlModule
                QTSS_RTCPProcess_Role                           called,         QTSSFlowControlModule
                QTSS_RTPSendPackets_Role                        called,         QTSSFileModule
                QTSS_RTCPProcess_Role                           called,         QTSSFlowControlModule
                QTSS_RTPSendPackets_Role                        called,         QTSSFileModule
                QTSS_RTCPProcess_Role                           called,         QTSSFlowControlModule
                QTSS_RTPSendPackets_Role                        called,         QTSSFileModule
                QTSS_RTCPProcess_Role                           called,         QTSSFlowControlModule
                QTSS_RTPSendPackets_Role                        called,         QTSSFileModule
                QTSS_RTPSendPackets_Role                        called,         QTSSFileModule
                QTSS_RTCPProcess_Role                           called,         QTSSFlowControlModule
                QTSS_RTPSendPackets_Role                        called,         QTSSFileModule
                QTSS_RTCPProcess_Role                           called,         QTSSFlowControlModule
                QTSS_RTPSendPackets_Role                        called,         QTSSFileModule
                QTSS_RTCPProcess_Role                           called,         QTSSFlowControlModule
                QTSS_RTPSendPackets_Role                        called,         QTSSFileModule
                QTSS_RTCPProcess_Role                           called,         QTSSFlowControlModule
                QTSS_RTPSendPackets_Role                        called,         QTSSFileModule
                QTSS_RTCPProcess_Role                           called,         QTSSFlowControlModule
                QTSS_RTCPProcess_Role                           called,         QTSSFlowControlModule
                QTSS_RTPSendPackets_Role                        called,         QTSSFileModule
                QTSS_RTCPProcess_Role                           called,         QTSSFlowControlModule
                QTSS_RTPSendPackets_Role                        called,         QTSSFileModule
                QTSS_RTPSendPackets_Role                        called,         QTSSFileModule
                QTSS_RTCPProcess_Role                           called,         QTSSFlowControlModule
                QTSS_RTPSendPackets_Role                        called,         QTSSFileModule
                QTSS_RTCPProcess_Role                           called,         QTSSFlowControlModule
                QTSS_RTPSendPackets_Role                        called,         QTSSFileModule
                QTSS_RTCPProcess_Role                           called,         QTSSFlowControlModule
                QTSS_RTPSendPackets_Role                        called,         QTSSFileModule
                QTSS_RTCPProcess_Role                           called,         QTSSFlowControlModule
        kReadingRequest                         RTSPSession:    12524520


#C->S:
#time: ms=2013043594 date=Sat, 18 Aug 2007 15:57:45 GMT
#server: ip=127.0.0.1 port=554
#client: ip=127.0.0.1 port=4448
PAUSE RTSP://localhost/sample_100kbit.mov RTSP/1.0\r\n
CSeq: 6\r\n
Session: 67001489835648\r\n
User-Agent: QuickTime/7.0.3 (qtver=7.0.3;os=Windows NT 5.1Service Pack 2)\r\n
\r\n

                QTSS_RTSPFilter_Role                            called,         QTSSRelayModule
                QTSS_RTSPFilter_Role                            called,         QTSSAdminModule
                QTSS_RTSPFilter_Role                            called,         QTSSMP3StreamingModule
                QTSS_RTSPRoute_Role                             called,         QTSSReflectorModule
                QTSS_RTSPRoute_Role                             called,         QTSSRelayModule
                QTSS_RTSPAuthenticate_Role                      called,         QTSSAccessModule
                QTSS_OpenFile_Role                              called,         QTSSPosixFileSysModule
                QTSS_OpenFile_Role                              called,         QTSSPosixFileSysModule
                QTSS_CloseFile_Role                             called,         QTSSPosixFileSysModule
                QTSS_OpenFile_Role                              called,         QTSSPosixFileSysModule
                QTSS_CloseFile_Role                             called,         QTSSPosixFileSysModule
                QTSS_RTSPAuthorize_Role                         called,         QTSSReflectorModule
                QTSS_RTSPAuthorize_Role                         called,         QTSSAdminModule
                QTSS_RTSPAuthorize_Role                         called,         QTSSAccessModule
                QTSS_OpenFile_Role                              called,         QTSSPosixFileSysModule
                QTSS_RTSPPreProcessor_Role                      called,         QTSSReflectorModule
                QTSS_RTSPRequest_Role                           called,         QTSSFileModule
                QTSS_RTSPPostProcessor_Role                     called,         QTSSRelayModule
                QTSS_RTSPPostProcessor_Role                     called,         QTSSAccessLogModule

#S->C:
#time: ms=2013043626 date=Sat, 18 Aug 2007 15:57:45 GMT
RTSP/1.0 200 OK\r\n
Server: DSS/5.5.1 (Build/489.8; Platform/Win32; Release/Darwin; )\r\n
Cseq: 6\r\n
Session: 67001489835648\r\n
\r\n
        kReadingRequest                         RTSPSession:    12524520
                QTSS_RTCPProcess_Role                           called,         QTSSFlowControlModule
                QTSS_RTCPProcess_Role                           called,         QTSSFlowControlModule
                QTSS_RTCPProcess_Role                           called,         QTSSFlowControlModule
                QTSS_RTCPProcess_Role                           called,         QTSSFlowControlModule
                QTSS_RTCPProcess_Role                           called,         QTSSFlowControlModule
        kReadingRequest                         RTSPSession:    12524520


#C->S:
#time: ms=2013052780 date=Sat, 18 Aug 2007 15:57:54 GMT
#server: ip=127.0.0.1 port=554
#client: ip=127.0.0.1 port=4448
PLAY RTSP://localhost/sample_100kbit.mov RTSP/1.0\r\n
CSeq: 7\r\n
Range: npt=1.245000-70.000000\r\n
x-prebuffer: maxtime=2.000000\r\n
x-transport-options: late-tolerance=10\r\n
Session: 67001489835648\r\n
User-Agent: QuickTime/7.0.3 (qtver=7.0.3;os=Windows NT 5.1Service Pack 2)\r\n
\r\n

                QTSS_RTSPFilter_Role                            called,         QTSSRelayModule
                QTSS_RTSPFilter_Role                            called,         QTSSAdminModule
                QTSS_RTSPFilter_Role                            called,         QTSSMP3StreamingModule
                QTSS_RTSPRoute_Role                             called,         QTSSReflectorModule
                QTSS_RTSPRoute_Role                             called,         QTSSRelayModule
                QTSS_RTSPAuthenticate_Role                      called,         QTSSAccessModule
                QTSS_OpenFile_Role                              called,         QTSSPosixFileSysModule
                QTSS_OpenFile_Role                              called,         QTSSPosixFileSysModule
                QTSS_CloseFile_Role                             called,         QTSSPosixFileSysModule
                QTSS_OpenFile_Role                              called,         QTSSPosixFileSysModule
                QTSS_CloseFile_Role                             called,         QTSSPosixFileSysModule
                QTSS_RTSPAuthorize_Role                         called,         QTSSReflectorModule
                QTSS_RTSPAuthorize_Role                         called,         QTSSAdminModule
                QTSS_RTSPAuthorize_Role                         called,         QTSSAccessModule
                QTSS_OpenFile_Role                              called,         QTSSPosixFileSysModule
                QTSS_RTSPPreProcessor_Role                      called,         QTSSReflectorModule
                QTSS_RTSPRequest_Role                           called,         QTSSFileModule
                QTSS_RTPSendPackets_Role                        called,         QTSSFileModule
                QTSS_RTSPPostProcessor_Role                     called,         QTSSRelayModule
                QTSS_RTSPPostProcessor_Role                     called,         QTSSAccessLogModule

#S->C:
#time: ms=2013052871 date=Sat, 18 Aug 2007 15:57:54 GMT
RTSP/1.0 200 OK\r\n
Server: DSS/5.5.1 (Build/489.8; Platform/Win32; Release/Darwin; )\r\n
Cseq: 7\r\n
Session: 67001489835648\r\n
x-Prebuffer: time=1.24500\r\n
Range: npt=1.24500-70.00000\r\n
RTP-Info: url=RTSP://localhost/sample_100kbit.mov/trackID=3;seq=172;rtptime=959867,url=RTSP://localhost/sample_100kbit.mov/trackID=4;seq=26517;rtptime=249811\r\n
\r\n
        kReadingRequest                         RTSPSession:    12524520
                QTSS_RTCPProcess_Role                           called,         QTSSFlowControlModule
                QTSS_RTPSendPackets_Role                        called,         QTSSFileModule
                QTSS_RTPSendPackets_Role                        called,         QTSSFileModule
                QTSS_RTCPProcess_Role                           called,         QTSSFlowControlModule
                QTSS_RTCPProcess_Role                           called,         QTSSFlowControlModule
                QTSS_RTCPProcess_Role                           called,         QTSSFlowControlModule
                QTSS_RTCPProcess_Role                           called,         QTSSFlowControlModule
                QTSS_RTCPProcess_Role                           called,         QTSSFlowControlModule
                QTSS_RTCPProcess_Role                           called,         QTSSFlowControlModule
                QTSS_RTCPProcess_Role                           called,         QTSSFlowControlModule
                QTSS_RTCPProcess_Role                           called,         QTSSFlowControlModule
                QTSS_RTCPProcess_Role                           called,         QTSSFlowControlModule
                QTSS_RTCPProcess_Role                           called,         QTSSFlowControlModule
                QTSS_RTCPProcess_Role                           called,         QTSSFlowControlModule
                QTSS_RTCPProcess_Role                           called,         QTSSFlowControlModule
                QTSS_RTCPProcess_Role                           called,         QTSSFlowControlModule
                QTSS_RTCPProcess_Role                           called,         QTSSFlowControlModule
                QTSS_RTCPProcess_Role                           called,         QTSSFlowControlModule
                QTSS_RTCPProcess_Role                           called,         QTSSFlowControlModule
                QTSS_RTCPProcess_Role                           called,         QTSSFlowControlModule
                QTSS_RTCPProcess_Role                           called,         QTSSFlowControlModule
                QTSS_RTCPProcess_Role                           called,         QTSSFlowControlModule
                QTSS_RTCPProcess_Role                           called,         QTSSFlowControlModule
                QTSS_RTCPProcess_Role                           called,         QTSSFlowControlModule
                QTSS_RTCPProcess_Role                           called,         QTSSFlowControlModule
                QTSS_RTCPProcess_Role                           called,         QTSSFlowControlModule
                QTSS_RTCPProcess_Role                           called,         QTSSFlowControlModule
                QTSS_RTCPProcess_Role                           called,         QTSSFlowControlModule
                QTSS_RTPSendPackets_Role                        called,         QTSSFileModule
                QTSS_RTCPProcess_Role                           called,         QTSSFlowControlModule
                QTSS_RTCPProcess_Role                           called,         QTSSFlowControlModule
                QTSS_RTPSendPackets_Role                        called,         QTSSFileModule
                QTSS_RTPSendPackets_Role                        called,         QTSSFileModule
                QTSS_RTCPProcess_Role                           called,         QTSSFlowControlModule
                QTSS_RTPSendPackets_Role                        called,         QTSSFileModule
                QTSS_RTCPProcess_Role                           called,         QTSSFlowControlModule
                QTSS_RTPSendPackets_Role                        called,         QTSSFileModule
                QTSS_RTCPProcess_Role                           called,         QTSSFlowControlModule
                QTSS_RTPSendPackets_Role                        called,         QTSSFileModule
                QTSS_RTCPProcess_Role                           called,         QTSSFlowControlModule
                QTSS_RTPSendPackets_Role                        called,         QTSSFileModule
                QTSS_RTCPProcess_Role                           called,         QTSSFlowControlModule
                QTSS_RTCPProcess_Role                           called,         QTSSFlowControlModule
                QTSS_RTPSendPackets_Role                        called,         QTSSFileModule
                QTSS_RTPSendPackets_Role                        called,         QTSSFileModule
                QTSS_RTCPProcess_Role                           called,         QTSSFlowControlModule
                QTSS_RTPSendPackets_Role                        called,         QTSSFileModule
                QTSS_RTCPProcess_Role                           called,         QTSSFlowControlModule
                QTSS_RTPSendPackets_Role                        called,         QTSSFileModule
                QTSS_RTCPProcess_Role                           called,         QTSSFlowControlModule
                QTSS_RTCPProcess_Role                           called,         QTSSFlowControlModule
                QTSS_RTPSendPackets_Role                        called,         QTSSFileModule
                QTSS_RTCPProcess_Role                           called,         QTSSFlowControlModule
                QTSS_RTPSendPackets_Role                        called,         QTSSFileModule
                QTSS_RTCPProcess_Role                           called,         QTSSFlowControlModule
                QTSS_RTPSendPackets_Role                        called,         QTSSFileModule
                QTSS_RTCPProcess_Role                           called,         QTSSFlowControlModule
                QTSS_RTPSendPackets_Role                        called,         QTSSFileModule
                QTSS_RTCPProcess_Role                           called,         QTSSFlowControlModule
                QTSS_RTPSendPackets_Role                        called,         QTSSFileModule
                QTSS_RTCPProcess_Role                           called,         QTSSFlowControlModule
                QTSS_RTCPProcess_Role                           called,         QTSSFlowControlModule
                QTSS_RTPSendPackets_Role                        called,         QTSSFileModule
                QTSS_RTCPProcess_Role                           called,         QTSSFlowControlModule
                QTSS_RTPSendPackets_Role                        called,         QTSSFileModule
                QTSS_RTPSendPackets_Role                        called,         QTSSFileModule
                QTSS_RTCPProcess_Role                           called,         QTSSFlowControlModule
                QTSS_RTPSendPackets_Role                        called,         QTSSFileModule
                QTSS_RTCPProcess_Role                           called,         QTSSFlowControlModule
                QTSS_RTCPProcess_Role                           called,         QTSSFlowControlModule
                QTSS_RTPSendPackets_Role                        called,         QTSSFileModule
                QTSS_RTCPProcess_Role                           called,         QTSSFlowControlModule
                QTSS_RTPSendPackets_Role                        called,         QTSSFileModule
                QTSS_RTCPProcess_Role                           called,         QTSSFlowControlModule
                QTSS_RTPSendPackets_Role                        called,         QTSSFileModule
                QTSS_RTCPProcess_Role                           called,         QTSSFlowControlModule
                QTSS_RTPSendPackets_Role                        called,         QTSSFileModule
                QTSS_RTPSendPackets_Role                        called,         QTSSFileModule
                QTSS_RTCPProcess_Role                           called,         QTSSFlowControlModule
                QTSS_RTCPProcess_Role                           called,         QTSSFlowControlModule
                QTSS_RTPSendPackets_Role                        called,         QTSSFileModule
                QTSS_RTPSendPackets_Role                        called,         QTSSFileModule
                QTSS_RTCPProcess_Role                           called,         QTSSFlowControlModule
                QTSS_RTPSendPackets_Role                        called,         QTSSFileModule
                QTSS_RTCPProcess_Role                           called,         QTSSFlowControlModule
                QTSS_RTPSendPackets_Role                        called,         QTSSFileModule
                QTSS_RTCPProcess_Role                           called,         QTSSFlowControlModule
                QTSS_RTCPProcess_Role                           called,         QTSSFlowControlModule
                QTSS_RTPSendPackets_Role                        called,         QTSSFileModule
                QTSS_RTCPProcess_Role                           called,         QTSSFlowControlModule
                QTSS_RTPSendPackets_Role                        called,         QTSSFileModule
                QTSS_RTPSendPackets_Role                        called,         QTSSFileModule
                QTSS_RTCPProcess_Role                           called,         QTSSFlowControlModule
                QTSS_RTPSendPackets_Role                        called,         QTSSFileModule
        kReadingRequest                         RTSPSession:    12524520


#C->S:
#time: ms=2013055326 date=Sat, 18 Aug 2007 15:57:57 GMT
#server: ip=            QTSS_ReadFile_Role                              called,         QTSSPosixFileSysModule
127.0.0.1 port=554
#client: ip=127.0.0.1 port=4448
SET_PARAMETER RTSP://localhost/sample_100kbit.mov RTSP/1.0\r\n
CSeq: 8\r\n
x-transport-options: late-tolerance=1.984000            QTSS_ReadFile_Role                              called,         QTSSPosixFileSysModule
\r\n
Session: 67001489835648\r\n
User-Agent: QuickTime/7.0.3 (qtver=7.0.3;os=Windows NT 5.1Service Pack 2)\r\n
\r\n

                QTSS_RTSPFilter_Role                            called,         QTSSRelayModule
                QTSS_RTSPFilter_Role                            called,         QTSSAdminModule
                QTSS_RTSPFilter_Role                            called,         QTSSMP3StreamingModule
        kPostProcessingRequest                  RTSPSession:    12524520
                QTSS_RTSPPostProcessor_Role                     called,         QTSSRelayModule
                QTSS_RTSPPostProcessor_Role                     called,         QTSSAccessLogModule

#S->C:
#time: ms=2013055329 date=Sat, 18 Aug 2007 15:57:57 GMT
RTSP/1.0 200 OK\r\n
Server: DSS/5.5.1 (Build/489.8; Platform/Win32; Release/Darwin; )\r\n
Cseq: 8\r\n
Session: 67001489835648\r\n
\r\n
        kReadingRequest                         RTSPSession:    12524520
                QTSS_RTCPProcess_Role                           called,         QTSSFlowControlModule
                QTSS_RTPSendPackets_Role                        called,         QTSSFileModule
                QTSS_RTCPProcess_Role                           called,         QTSSFlowControlModule
                QTSS_RTCPProcess_Role                           called,         QTSSFlowControlModule
                QTSS_RTPSendPackets_Role                        called,         QTSSFileModule
                QTSS_RTCPProcess_Role                           called,         QTSSFlowControlModule
                QTSS_RTPSendPackets_Role                        called,         QTSSFileModule
                QTSS_RTCPProcess_Role                           called,         QTSSFlowControlModule
                QTSS_RTPSendPackets_Role                        called,         QTSSFileModule
                QTSS_RTCPProcess_Role                           called,         QTSSFlowControlModule
                QTSS_RTPSendPackets_Role                        called,         QTSSFileModule
                QTSS_RTCPProcess_Role                           called,         QTSSFlowControlModule
                QTSS_RTCPProcess_Role                           called,         QTSSFlowControlModule
                QTSS_RTPSendPackets_Role                        called,         QTSSFileModule
        kReadingRequest                         RTSPSession:    12524520


#C->S:
#time: ms=2013055714 date=Sat, 18 Aug 2007 15:57:57 GMT
#server: ip=127.0.0.1 port=554
#client: ip=127.0.0.1 port=4448
PAUSE RTSP://localhost/sample_100kbit.mov RTSP/1.0\r\n
CSeq: 9\r\n
Session: 67001489835648\r\n
User-Agent: QuickTime/7.0.3 (qtver=7.0.3;os=Windows NT 5.1Service Pack 2)\r\n
\r\n

                QTSS_RTSPFilter_Role                            called,         QTSSRelayModule
                QTSS_RTPSendPackets_Role                        called,         QTSSFileModule
                QTSS_RTSPFilter_Role                            called,         QTSSAdminModule
                QTSS_RTSPFilter_Role                            called,         QTSSMP3StreamingModule
                QTSS_RTSPRoute_Role                             called,         QTSSReflectorModule
                QTSS_RTSPRoute_Role                             called,         QTSSRelayModule
                QTSS_RTSPAuthenticate_Role                      called,         QTSSAccessModule
                QTSS_OpenFile_Role                              called,         QTSSPosixFileSysModule
                QTSS_OpenFile_Role                              called,         QTSSPosixFileSysModule
                QTSS_CloseFile_Role                             called,         QTSSPosixFileSysModule
                QTSS_OpenFile_Role                              called,         QTSSPosixFileSysModule
                QTSS_CloseFile_Role                             called,         QTSSPosixFileSysModule
                QTSS_RTSPAuthorize_Role                         called,         QTSSReflectorModule
                QTSS_RTSPAuthorize_Role                         called,         QTSSAdminModule
                QTSS_RTSPAuthorize_Role                         called,         QTSSAccessModule
                QTSS_OpenFile_Role                              called,         QTSSPosixFileSysModule
                QTSS_RTSPPreProcessor_Role                      called,         QTSSReflectorModule
                QTSS_RTSPRequest_Role                           called,         QTSSFileModule
                QTSS_RTSPPostProcessor_Role                     called,         QTSSRelayModule
                QTSS_RTSPPostProcessor_Role                     called,         QTSSAccessLogModule

#S->C:
#time: ms=2013055746 date=Sat, 18 Aug 2007 15:57:57 GMT
RTSP/1.0 200 OK\r\n
Server: DSS/5.5.1 (Build/489.8; Platform/Win32; Release/Darwin; )\r\n
Cseq: 9\r\n
Session: 67001489835648\r\n
\r\n
        kReadingRequest                         RTSPSession:    12524520
                QTSS_RTCPProcess_Role                           called,         QTSSFlowControlModule
                QTSS_RTCPProcess_Role                           called,         QTSSFlowControlModule
                QTSS_RTCPProcess_Role                           called,         QTSSFlowControlModule
                QTSS_RTCPProcess_Role                           called,         QTSSFlowControlModule
                QTSS_RTCPProcess_Role                           called,         QTSSFlowControlModule
                QTSS_RTCPProcess_Role                           called,         QTSSFlowControlModule
                QTSS_RTCPProcess_Role                           called,         QTSSFlowControlModule
        kReadingRequest                         RTSPSession:    12524520


#C->S:
#time: ms=2013078066 date=Sat, 18 Aug 2007 15:58:19 GMT
#server: ip=127.0.0.1 port=554
#client: ip=127.0.0.1 port=4448
TEARDOWN RTSP://localhost/sample_100kbit.mov RTSP/1.0\r\n
CSeq: 10\r\n
Session: 67001489835648\r\n
User-Agent: QuickTime/7.0.3 (qtver=7.0.3;os=Windows NT 5.1Service Pack 2)\r\n
\r\n

                QTSS_RTSPFilter_Role                            called,         QTSSRelayModule
                QTSS_RTSPFilter_Role                            called,         QTSSAdminModule
                QTSS_RTSPFilter_Role                            called,         QTSSMP3StreamingModule
                QTSS_RTSPRoute_Role                             called,         QTSSReflectorModule
                QTSS_RTSPRoute_Role                             called,         QTSSRelayModule
                QTSS_RTSPAuthenticate_Role                      called,         QTSSAccessModule
                QTSS_OpenFile_Role                              called,         QTSSPosixFileSysModule
                QTSS_OpenFile_Role                              called,         QTSSPosixFileSysModule
                QTSS_CloseFile_Role                             called,         QTSSPosixFileSysModule
                QTSS_OpenFile_Role                              called,         QTSSPosixFileSysModule
                QTSS_CloseFile_Role                             called,         QTSSPosixFileSysModule
                QTSS_RTSPAuthorize_Role                         called,         QTSSReflectorModule
                QTSS_RTSPAuthorize_Role                         called,         QTSSAdminModule
                QTSS_RTSPAuthorize_Role                         called,         QTSSAccessModule
                QTSS_OpenFile_Role                              called,         QTSSPosixFileSysModule
                QTSS_RTSPPreProcessor_Role                      called,         QTSSReflectorModule
                QTSS_RTSPRequest_Role                           called,         QTSSFileModule
                QTSS_RTSPPostProcessor_Role                     called,         QTSSRelayModule
                QTSS_RTSPPostProcessor_Role                     called,         QTSSAccessLogModule

#S->C:
#time: ms=2013078101 date=Sat, 18 Aug 2007 15:58:19 GMT
RTSP/1.0 200 OK\r\n
Server: DSS/5.5.1 (Build/489.8; Platform/Win32; Release/Darwin; )\r\n
Cseq: 10\r\n
Session: 67001489835648\r\n
Connection: Close\r\n
\r\n
                QTSS_RTSPSessionClosing_Role                    called,         QTSSMP3StreamingModule
                QTSS_ClientSessionClosing_Role                  called,         QTSSFileModule
                QTSS_CloseFile_Role                             called,         QTSSPosixFileSysModule
                QTSS_ClientSessionClosing_Role                  called,         QTSSReflectorModule
                QTSS_ClientSessionClosing_Role                  called,         QTSSAccessLogModule




RTSP://localhost/sample_100kbit.mov